{"total": {"lines":{"total":619,"covered":619,"skipped":0,"pct":100},"statements":{"total":619,"covered":619,"skipped":0,"pct":100},"functions":{"total":25,"covered":25,"skipped":0,"pct":100},"branches":{"total":107,"covered":106,"skipped":0,"pct":99.06},"branchesTrue":{"total":0,"covered":0,"skipped":0,"pct":100}}
,"C:\\VS och annat\\strajk-bowling-tests\\individuell-examination\\strajk-bowling-tests\\src\\App.jsx": {"lines":{"total":10,"covered":10,"skipped":0,"pct":100},"functions":{"total":1,"covered":1,"skipped":0,"pct":100},"statements":{"total":10,"covered":10,"skipped":0,"pct":100},"branches":{"total":1,"covered":1,"skipped":0,"pct":100}}
,"C:\\VS och annat\\strajk-bowling-tests\\individuell-examination\\strajk-bowling-tests\\src\\App.test.jsx": {"lines":{"total":32,"covered":32,"skipped":0,"pct":100},"functions":{"total":1,"covered":1,"skipped":0,"pct":100},"statements":{"total":32,"covered":32,"skipped":0,"pct":100},"branches":{"total":9,"covered":9,"skipped":0,"pct":100}}
,"C:\\VS och annat\\strajk-bowling-tests\\individuell-examination\\strajk-bowling-tests\\src\\router.jsx": {"lines":{"total":14,"covered":14,"skipped":0,"pct":100},"functions":{"total":0,"covered":0,"skipped":0,"pct":100},"statements":{"total":14,"covered":14,"skipped":0,"pct":100},"branches":{"total":0,"covered":0,"skipped":0,"pct":100}}
,"C:\\VS och annat\\strajk-bowling-tests\\individuell-examination\\strajk-bowling-tests\\src\\components\\BookingInfo\\BookingInfo.jsx": {"lines":{"total":44,"covered":44,"skipped":0,"pct":100},"functions":{"total":1,"covered":1,"skipped":0,"pct":100},"statements":{"total":44,"covered":44,"skipped":0,"pct":100},"branches":{"total":1,"covered":1,"skipped":0,"pct":100}}
,"C:\\VS och annat\\strajk-bowling-tests\\individuell-examination\\strajk-bowling-tests\\src\\components\\ErrorMessage\\ErrorMessage.jsx": {"lines":{"total":8,"covered":8,"skipped":0,"pct":100},"functions":{"total":1,"covered":1,"skipped":0,"pct":100},"statements":{"total":8,"covered":8,"skipped":0,"pct":100},"branches":{"total":1,"covered":1,"skipped":0,"pct":100}}
,"C:\\VS och annat\\strajk-bowling-tests\\individuell-examination\\strajk-bowling-tests\\src\\components\\ErrorMessage\\ErrorMessage.test.jsx": {"lines":{"total":10,"covered":10,"skipped":0,"pct":100},"functions":{"total":0,"covered":0,"skipped":0,"pct":100},"statements":{"total":10,"covered":10,"skipped":0,"pct":100},"branches":{"total":2,"covered":2,"skipped":0,"pct":100}}
,"C:\\VS och annat\\strajk-bowling-tests\\individuell-examination\\strajk-bowling-tests\\src\\components\\Input\\Input.jsx": {"lines":{"total":30,"covered":30,"skipped":0,"pct":100},"functions":{"total":1,"covered":1,"skipped":0,"pct":100},"statements":{"total":30,"covered":30,"skipped":0,"pct":100},"branches":{"total":6,"covered":6,"skipped":0,"pct":100}}
,"C:\\VS och annat\\strajk-bowling-tests\\individuell-examination\\strajk-bowling-tests\\src\\components\\Navigation\\Navigation.jsx": {"lines":{"total":18,"covered":18,"skipped":0,"pct":100},"functions":{"total":4,"covered":4,"skipped":0,"pct":100},"statements":{"total":18,"covered":18,"skipped":0,"pct":100},"branches":{"total":10,"covered":10,"skipped":0,"pct":100}}
,"C:\\VS och annat\\strajk-bowling-tests\\individuell-examination\\strajk-bowling-tests\\src\\components\\Navigation\\Navigation.test.jsx": {"lines":{"total":27,"covered":27,"skipped":0,"pct":100},"functions":{"total":0,"covered":0,"skipped":0,"pct":100},"statements":{"total":27,"covered":27,"skipped":0,"pct":100},"branches":{"total":6,"covered":6,"skipped":0,"pct":100}}
,"C:\\VS och annat\\strajk-bowling-tests\\individuell-examination\\strajk-bowling-tests\\src\\components\\Shoes\\Shoes.jsx": {"lines":{"total":42,"covered":42,"skipped":0,"pct":100},"functions":{"total":3,"covered":3,"skipped":0,"pct":100},"statements":{"total":42,"covered":42,"skipped":0,"pct":100},"branches":{"total":4,"covered":4,"skipped":0,"pct":100}}
,"C:\\VS och annat\\strajk-bowling-tests\\individuell-examination\\strajk-bowling-tests\\src\\components\\Shoes\\Shoes.test.jsx": {"lines":{"total":67,"covered":67,"skipped":0,"pct":100},"functions":{"total":0,"covered":0,"skipped":0,"pct":100},"statements":{"total":67,"covered":67,"skipped":0,"pct":100},"branches":{"total":6,"covered":6,"skipped":0,"pct":100}}
,"C:\\VS och annat\\strajk-bowling-tests\\individuell-examination\\strajk-bowling-tests\\src\\components\\Top\\Top.jsx": {"lines":{"total":10,"covered":10,"skipped":0,"pct":100},"functions":{"total":1,"covered":1,"skipped":0,"pct":100},"statements":{"total":10,"covered":10,"skipped":0,"pct":100},"branches":{"total":1,"covered":1,"skipped":0,"pct":100}}
,"C:\\VS och annat\\strajk-bowling-tests\\individuell-examination\\strajk-bowling-tests\\src\\views\\Booking.jsx": {"lines":{"total":123,"covered":123,"skipped":0,"pct":100},"functions":{"total":11,"covered":11,"skipped":0,"pct":100},"statements":{"total":123,"covered":123,"skipped":0,"pct":100},"branches":{"total":39,"covered":38,"skipped":0,"pct":97.43}}
,"C:\\VS och annat\\strajk-bowling-tests\\individuell-examination\\strajk-bowling-tests\\src\\views\\Booking.test.jsx": {"lines":{"total":70,"covered":70,"skipped":0,"pct":100},"functions":{"total":0,"covered":0,"skipped":0,"pct":100},"statements":{"total":70,"covered":70,"skipped":0,"pct":100},"branches":{"total":10,"covered":10,"skipped":0,"pct":100}}
,"C:\\VS och annat\\strajk-bowling-tests\\individuell-examination\\strajk-bowling-tests\\src\\views\\Confirmation.jsx": {"lines":{"total":55,"covered":55,"skipped":0,"pct":100},"functions":{"total":1,"covered":1,"skipped":0,"pct":100},"statements":{"total":55,"covered":55,"skipped":0,"pct":100},"branches":{"total":6,"covered":6,"skipped":0,"pct":100}}
,"C:\\VS och annat\\strajk-bowling-tests\\individuell-examination\\strajk-bowling-tests\\src\\views\\Confirmation.test.jsx": {"lines":{"total":59,"covered":59,"skipped":0,"pct":100},"functions":{"total":0,"covered":0,"skipped":0,"pct":100},"statements":{"total":59,"covered":59,"skipped":0,"pct":100},"branches":{"total":5,"covered":5,"skipped":0,"pct":100}}
}
